mode: set
containers/containers/array.go:7.24,11.2 1 1
containers/containers/array.go:13.48,14.18 1 1
containers/containers/array.go:14.18,16.3 1 0
containers/containers/array.go:17.2,19.3 1 1
containers/containers/array.go:22.27,24.2 1 1
containers/containers/array.go:26.27,28.2 1 0
containers/containers/array.go:30.30,32.2 1 1
containers/containers/array.go:34.47,35.39 1 1
containers/containers/array.go:35.39,37.3 1 1
containers/containers/array.go:38.2,38.28 1 1
containers/containers/array.go:41.47,42.39 1 1
containers/containers/array.go:42.39,44.3 1 1
containers/containers/array.go:45.2,46.13 2 1
containers/containers/array.go:49.36,51.2 1 1
containers/containers/array.go:53.52,54.38 1 1
containers/containers/array.go:54.38,56.3 1 1
containers/containers/array.go:57.2,60.13 4 1
containers/containers/array.go:63.52,64.39 1 1
containers/containers/array.go:64.39,66.3 1 1
containers/containers/array.go:67.2,70.16 4 1
containers/containers/array.go:73.25,75.2 1 1
containers/containers/array.go:77.36,81.2 3 1
containers/containers/bst.go:14.20,16.2 1 1
containers/containers/bst.go:18.28,20.2 1 1
containers/containers/bst.go:22.26,24.2 1 1
containers/containers/bst.go:26.37,29.14 3 1
containers/containers/bst.go:29.14,31.3 1 1
containers/containers/bst.go:32.2,32.17 1 1
containers/containers/bst.go:35.58,36.17 1 1
containers/containers/bst.go:36.17,38.3 1 1
containers/containers/bst.go:39.2,39.21 1 1
containers/containers/bst.go:39.21,41.3 1 1
containers/containers/bst.go:42.2,42.20 1 1
containers/containers/bst.go:42.20,46.3 3 1
containers/containers/bst.go:46.8,50.3 3 1
containers/containers/bst.go:53.39,55.17 2 1
containers/containers/bst.go:55.17,56.21 1 1
containers/containers/bst.go:56.21,58.4 1 1
containers/containers/bst.go:59.3,59.20 1 1
containers/containers/bst.go:59.20,61.4 1 1
containers/containers/bst.go:61.9,63.4 1 1
containers/containers/bst.go:65.2,65.14 1 1
containers/containers/bst.go:68.36,69.19 1 1
containers/containers/bst.go:69.19,71.3 1 1
containers/containers/bst.go:72.2,73.22 2 1
containers/containers/bst.go:73.22,75.3 1 1
containers/containers/bst.go:76.2,76.24 1 1
containers/containers/bst.go:79.36,80.19 1 1
containers/containers/bst.go:80.19,82.3 1 1
containers/containers/bst.go:83.2,84.23 2 1
containers/containers/bst.go:84.23,86.3 1 1
containers/containers/bst.go:87.2,87.24 1 1
containers/containers/bst.go:90.28,92.2 1 1
containers/containers/bst.go:94.35,95.17 1 1
containers/containers/bst.go:95.17,97.3 1 1
containers/containers/bst.go:98.2,100.13 3 1
containers/containers/bst.go:100.13,102.3 1 0
containers/containers/bst.go:103.2,103.15 1 1
containers/containers/bst.go:106.37,109.13 3 1
containers/containers/bst.go:109.13,111.3 1 1
containers/containers/bst.go:112.2,112.16 1 1
containers/containers/bst.go:115.58,116.17 1 1
containers/containers/bst.go:116.17,118.3 1 1
containers/containers/bst.go:119.2,119.20 1 1
containers/containers/bst.go:119.20,123.3 3 1
containers/containers/bst.go:124.2,124.20 1 1
containers/containers/bst.go:124.20,128.3 3 1
containers/containers/bst.go:129.2,129.43 1 1
containers/containers/bst.go:129.43,131.3 1 1
containers/containers/bst.go:132.2,132.22 1 1
containers/containers/bst.go:132.22,134.3 1 1
containers/containers/bst.go:135.2,135.23 1 1
containers/containers/bst.go:135.23,137.3 1 0
containers/containers/bst.go:138.2,139.28 2 1
containers/containers/bst.go:139.28,141.3 1 1
containers/containers/bst.go:142.2,145.22 4 1
containers/containers/bst.go:148.34,152.2 3 1
containers/containers/bst.go:154.47,155.17 1 1
containers/containers/bst.go:155.17,157.3 1 1
containers/containers/bst.go:158.2,160.29 3 1
containers/containers/hashmap.go:15.28,20.2 1 1
containers/containers/hashmap.go:22.32,24.2 1 1
containers/containers/hashmap.go:26.30,28.2 1 1
containers/containers/hashmap.go:30.37,32.2 1 0
containers/containers/hashmap.go:34.34,36.30 2 1
containers/containers/hashmap.go:36.30,38.3 1 1
containers/containers/hashmap.go:39.2,39.10 1 1
containers/containers/hashmap.go:42.44,45.2 2 1
containers/containers/hashmap.go:47.42,48.15 1 1
containers/containers/hashmap.go:48.16,49.3 0 0
containers/containers/hashmap.go:50.2,50.66 1 1
containers/containers/hashmap.go:50.66,52.3 1 1
containers/containers/hashmap.go:54.2,57.24 3 1
containers/containers/hashmap.go:57.24,58.27 1 1
containers/containers/hashmap.go:58.27,62.4 3 1
containers/containers/hashmap.go:65.2,67.10 3 1
containers/containers/hashmap.go:70.50,73.24 3 1
containers/containers/hashmap.go:73.24,74.27 1 1
containers/containers/hashmap.go:74.27,76.4 1 1
containers/containers/hashmap.go:78.2,78.18 1 1
containers/containers/hashmap.go:81.45,84.2 2 1
containers/containers/hashmap.go:86.43,89.24 3 1
containers/containers/hashmap.go:89.24,90.27 1 1
containers/containers/hashmap.go:90.27,98.4 6 1
containers/containers/hashmap.go:100.2,100.14 1 1
containers/containers/hashmap.go:103.27,106.2 2 1
containers/containers/hashmap.go:108.46,109.24 1 1
containers/containers/hashmap.go:109.24,111.3 1 0
containers/containers/hashmap.go:112.2,116.36 4 1
containers/containers/hashmap.go:116.36,117.28 1 1
containers/containers/hashmap.go:117.28,119.4 1 1
containers/containers/hashmap.go:123.35,125.35 2 1
containers/containers/hashmap.go:125.35,126.28 1 1
containers/containers/hashmap.go:126.28,128.4 1 1
containers/containers/hashmap.go:130.2,130.12 1 1
containers/containers/list_doubly.go:15.34,17.2 1 1
containers/containers/list_doubly.go:19.35,21.2 1 1
containers/containers/list_doubly.go:23.33,25.2 1 1
containers/containers/list_doubly.go:27.42,29.19 2 1
containers/containers/list_doubly.go:29.19,31.3 1 1
containers/containers/list_doubly.go:32.2,33.19 2 1
containers/containers/list_doubly.go:33.19,35.3 1 0
containers/containers/list_doubly.go:36.2,36.10 1 1
containers/containers/list_doubly.go:39.41,41.19 2 1
containers/containers/list_doubly.go:41.19,43.3 1 1
containers/containers/list_doubly.go:44.2,45.19 2 1
containers/containers/list_doubly.go:45.19,47.3 1 1
containers/containers/list_doubly.go:48.2,48.10 1 1
containers/containers/list_doubly.go:51.45,52.19 1 1
containers/containers/list_doubly.go:52.19,54.3 1 0
containers/containers/list_doubly.go:55.2,55.27 1 1
containers/containers/list_doubly.go:58.44,59.19 1 1
containers/containers/list_doubly.go:59.19,61.3 1 0
containers/containers/list_doubly.go:62.2,62.27 1 1
containers/containers/list_doubly.go:65.48,66.19 1 1
containers/containers/list_doubly.go:66.19,68.3 1 0
containers/containers/list_doubly.go:69.2,71.19 3 1
containers/containers/list_doubly.go:71.19,73.3 1 1
containers/containers/list_doubly.go:73.8,75.3 1 0
containers/containers/list_doubly.go:76.2,77.16 2 1
containers/containers/list_doubly.go:80.47,81.19 1 1
containers/containers/list_doubly.go:81.19,83.3 1 0
containers/containers/list_doubly.go:84.2,86.19 3 1
containers/containers/list_doubly.go:86.19,88.3 1 1
containers/containers/list_doubly.go:88.8,90.3 1 0
containers/containers/list_doubly.go:91.2,92.16 2 1
containers/containers/list_doubly.go:95.51,96.34 1 1
containers/containers/list_doubly.go:96.34,98.3 1 1
containers/containers/list_doubly.go:99.2,99.22 1 1
containers/containers/list_doubly.go:99.22,101.30 2 1
containers/containers/list_doubly.go:101.30,103.4 1 0
containers/containers/list_doubly.go:104.3,104.25 1 1
containers/containers/list_doubly.go:106.2,107.38 2 1
containers/containers/list_doubly.go:107.38,109.3 1 1
containers/containers/list_doubly.go:110.2,110.24 1 1
containers/containers/list_doubly.go:113.57,114.33 1 1
containers/containers/list_doubly.go:114.33,116.3 1 1
containers/containers/list_doubly.go:117.2,117.16 1 1
containers/containers/list_doubly.go:117.16,120.3 2 1
containers/containers/list_doubly.go:121.2,121.21 1 1
containers/containers/list_doubly.go:121.21,124.3 2 1
containers/containers/list_doubly.go:125.2,126.29 2 1
containers/containers/list_doubly.go:126.29,128.3 1 1
containers/containers/list_doubly.go:129.2,138.13 8 1
containers/containers/list_doubly.go:141.57,142.34 1 1
containers/containers/list_doubly.go:142.34,144.3 1 1
containers/containers/list_doubly.go:145.2,145.16 1 1
containers/containers/list_doubly.go:145.16,147.3 1 1
containers/containers/list_doubly.go:148.2,148.23 1 1
containers/containers/list_doubly.go:148.23,150.3 1 1
containers/containers/list_doubly.go:151.2,152.29 2 1
containers/containers/list_doubly.go:152.29,154.3 1 1
containers/containers/list_doubly.go:155.2,162.24 6 1
containers/containers/list_doubly.go:165.44,168.17 3 1
containers/containers/list_doubly.go:168.17,169.21 1 1
containers/containers/list_doubly.go:169.21,171.4 1 1
containers/containers/list_doubly.go:172.3,173.8 2 1
containers/containers/list_doubly.go:175.2,175.11 1 1
containers/containers/list_doubly.go:178.41,181.17 3 1
containers/containers/list_doubly.go:181.17,184.3 2 1
containers/containers/list_doubly.go:185.2,185.12 1 1
containers/containers/list_singly.go:14.34,16.2 1 1
containers/containers/list_singly.go:18.35,20.2 1 1
containers/containers/list_singly.go:22.33,24.2 1 1
containers/containers/list_singly.go:26.42,29.19 3 1
containers/containers/list_singly.go:29.19,31.3 1 0
containers/containers/list_singly.go:32.2,32.10 1 1
containers/containers/list_singly.go:35.41,37.19 2 1
containers/containers/list_singly.go:37.19,40.3 2 1
containers/containers/list_singly.go:40.8,43.3 2 1
containers/containers/list_singly.go:44.2,44.10 1 1
containers/containers/list_singly.go:47.45,48.19 1 1
containers/containers/list_singly.go:48.19,50.3 1 0
containers/containers/list_singly.go:51.2,51.27 1 1
containers/containers/list_singly.go:54.44,55.19 1 1
containers/containers/list_singly.go:55.19,57.3 1 0
containers/containers/list_singly.go:58.2,58.27 1 1
containers/containers/list_singly.go:61.48,62.19 1 1
containers/containers/list_singly.go:62.19,64.3 1 0
containers/containers/list_singly.go:65.2,67.19 3 1
containers/containers/list_singly.go:67.19,69.3 1 1
containers/containers/list_singly.go:70.2,71.16 2 1
containers/containers/list_singly.go:74.47,75.19 1 1
containers/containers/list_singly.go:75.19,77.3 1 0
containers/containers/list_singly.go:78.2,78.22 1 1
containers/containers/list_singly.go:78.22,84.3 5 1
containers/containers/list_singly.go:85.2,86.46 2 0
containers/containers/list_singly.go:86.46,88.3 1 0
containers/containers/list_singly.go:89.2,93.16 5 0
containers/containers/list_singly.go:96.51,97.34 1 1
containers/containers/list_singly.go:97.34,99.3 1 1
containers/containers/list_singly.go:100.2,101.29 2 1
containers/containers/list_singly.go:101.29,103.3 1 1
containers/containers/list_singly.go:104.2,104.24 1 1
containers/containers/list_singly.go:107.57,108.33 1 1
containers/containers/list_singly.go:108.33,110.3 1 1
containers/containers/list_singly.go:111.2,111.16 1 1
containers/containers/list_singly.go:111.16,114.3 2 1
containers/containers/list_singly.go:115.2,115.21 1 1
containers/containers/list_singly.go:115.21,118.3 2 1
containers/containers/list_singly.go:119.2,120.31 2 1
containers/containers/list_singly.go:120.31,122.3 1 0
containers/containers/list_singly.go:123.2,126.13 4 1
containers/containers/list_singly.go:129.57,130.34 1 1
containers/containers/list_singly.go:130.34,132.3 1 1
containers/containers/list_singly.go:133.2,133.16 1 1
containers/containers/list_singly.go:133.16,135.3 1 1
containers/containers/list_singly.go:136.2,137.31 2 1
containers/containers/list_singly.go:137.31,139.3 1 1
containers/containers/list_singly.go:140.2,142.22 3 1
containers/containers/list_singly.go:142.22,144.3 1 1
containers/containers/list_singly.go:145.2,146.27 2 1
containers/containers/list_singly.go:149.44,152.17 3 1
containers/containers/list_singly.go:152.17,153.21 1 1
containers/containers/list_singly.go:153.21,155.4 1 1
containers/containers/list_singly.go:156.3,157.8 2 1
containers/containers/list_singly.go:159.2,159.11 1 1
containers/containers/list_singly.go:162.41,165.17 3 1
containers/containers/list_singly.go:165.17,168.3 2 1
containers/containers/list_singly.go:169.2,169.12 1 1
containers/containers/queue.go:8.24,13.2 1 1
containers/containers/queue.go:15.32,17.2 1 1
containers/containers/queue.go:19.47,20.15 1 1
containers/containers/queue.go:20.15,22.3 1 1
containers/containers/queue.go:23.2,26.43 3 1
containers/containers/queue.go:26.43,29.3 2 1
containers/containers/queue.go:30.2,30.16 1 1
containers/containers/queue.go:33.49,34.15 1 1
containers/containers/queue.go:34.15,36.3 1 1
containers/containers/queue.go:37.2,37.29 1 1
containers/containers/queue.go:40.48,41.15 1 1
containers/containers/queue.go:41.15,43.3 1 1
containers/containers/queue.go:44.2,44.36 1 1
containers/containers/queue.go:47.28,49.2 1 1
containers/containers/queue.go:51.30,53.2 1 1
containers/containers/stack.go:7.24,9.2 1 1
containers/containers/stack.go:11.32,13.2 1 1
containers/containers/stack.go:15.47,16.22 1 1
containers/containers/stack.go:16.22,18.3 1 1
containers/containers/stack.go:19.2,22.16 4 1
containers/containers/stack.go:25.48,26.22 1 1
containers/containers/stack.go:26.22,28.3 1 1
containers/containers/stack.go:29.2,29.36 1 1
containers/containers/stack.go:32.28,34.2 1 1
containers/containers/stack.go:36.30,38.2 1 1
